<?xml version="1.0" encoding="UTF-8"?>
<!-- Generated by org.testng.reporters.JUnitReportReporter -->
<testsuite skipped="0" hostname="abhisheks01" name="dummy.Trial" tests="1" failures="0" timestamp="2021-05-14T00:11:59 IST" time="0.010" errors="0">
  <testcase name="print" time="0.010" classname="dummy.Trial"/>
  <system-out>
Print suite level parameter  </system-out>
</testsuite> <!-- dummy.Trial -->
