<?xml version="1.0" encoding="UTF-8"?>
<!-- Generated by org.testng.reporters.JUnitReportReporter -->
<testsuite skipped="0" hostname="abhisheks01" name="dummy.TestCompareExcel" tests="1" failures="0" timestamp="2021-04-20T13:13:30 IST" time="0.762" errors="0">
  <testcase name="runTest" time="0.762" classname="dummy.TestCompareExcel"/>
  <system-out/>
</testsuite> <!-- dummy.TestCompareExcel -->
