<?xml version="1.0" encoding="UTF-8"?>
<!-- Generated by org.testng.reporters.JUnitReportReporter -->
<testsuite skipped="0" hostname="abhisheks01" name="dummy.Test" tests="1" failures="0" timestamp="2021-05-15T11:08:24 IST" time="2.495" errors="0">
  <testcase name="test" time="2.495" classname="dummy.Test"/>
  <system-out/>
</testsuite> <!-- dummy.Test -->
